<?xml version="1.0" encoding="UTF-8"?>
<!-- Generated by org.testng.reporters.JUnitReportReporter -->
<testsuite skipped="1" hostname="DESKTOP-M3E2BR1" name="testcases.LoginPageTestCase" tests="2" failures="0" timestamp="2021-02-18T05:35:37 IST" time="-1613606656.000" errors="1">
  <testcase name="executeLogin" time="0.000" classname="testcases.LoginPageTestCase">
    <skipped/>
  </testcase> <!-- executeLogin -->
  <system-out/>
  <testcase name="launchApplication" time="-1613606656.000" classname="testcases.LoginPageTestCase">
    <error type="org.testng.TestNGException" message="
Parameter &#039;lang&#039; is required by BeforeMethod on method launchApplication but has not been marked @Optional or defined
in E:\Test Leaf\Eclipse\SeleniumTesting\POM\testng_Leads.xml">
      <![CDATA[org.testng.TestNGException: 
Parameter 'lang' is required by BeforeMethod on method launchApplication but has not been marked @Optional or defined
in E:\Test Leaf\Eclipse\SeleniumTesting\POM\testng_Leads.xml
at org.testng.internal.Parameters.createParams(Parameters.java:268)
at org.testng.internal.Parameters.createParametersForMethod(Parameters.java:356)
at org.testng.internal.Parameters.createParameters(Parameters.java:700)
at org.testng.internal.Parameters.createConfigurationParameters(Parameters.java:166)
at org.testng.internal.ConfigInvoker.invokeConfigurations(ConfigInvoker.java:301)
at org.testng.internal.TestInvoker.runConfigMethods(TestInvoker.java:701)
at org.testng.internal.TestInvoker.invokeMethod(TestInvoker.java:527)
at org.testng.internal.TestInvoker.invokeTestMethod(TestInvoker.java:174)
at org.testng.internal.MethodRunner.runInSequence(MethodRunner.java:46)
at org.testng.internal.TestInvoker$MethodInvocationAgent.invoke(TestInvoker.java:822)
at org.testng.internal.TestInvoker.invokeTestMethods(TestInvoker.java:147)
at org.testng.internal.TestMethodWorker.invokeTestMethods(TestMethodWorker.java:146)
at org.testng.internal.TestMethodWorker.run(TestMethodWorker.java:128)
at java.util.concurrent.ThreadPoolExecutor.runWorker(Unknown Source)
at java.util.concurrent.ThreadPoolExecutor$Worker.run(Unknown Source)
at java.lang.Thread.run(Unknown Source)
]]>
    </error>
  </testcase> <!-- launchApplication -->
  <system-out/>
</testsuite> <!-- testcases.LoginPageTestCase -->
