<?xml version="1.0" encoding="UTF-8"?>
<!-- Generated by org.testng.reporters.JUnitReportReporter -->
<testsuite skipped="0" hostname="DESKTOP-M3E2BR1" name="testcases.LoginPageTestCase" tests="1" failures="0" timestamp="2021-01-30T17:25:19 IST" time="4.318" errors="0">
  <testcase name="executeLogin" time="4.318" classname="testcases.LoginPageTestCase"/>
  <system-out/>
</testsuite> <!-- testcases.LoginPageTestCase -->
