<?xml version="1.0" encoding="UTF-8"?>
<!-- Generated by org.testng.reporters.JUnitReportReporter -->
<testsuite skipped="0" hostname="DESKTOP-M3E2BR1" name="testcases.EditLead" tests="2" failures="0" timestamp="2021-02-02T21:44:08 IST" time="30.522" errors="0">
  <testcase name="runEditLead" time="15.892" classname="testcases.EditLead"/>
  <system-out/>
  <testcase name="runEditLead" time="14.630" classname="testcases.EditLead"/>
  <system-out/>
</testsuite> <!-- testcases.EditLead -->
