<?xml version="1.0" encoding="UTF-8"?>
<!-- Generated by org.testng.reporters.JUnitReportReporter -->
<testsuite skipped="0" hostname="DESKTOP-M3E2BR1" name="utils.ReadExcelData" tests="1" failures="0" timestamp="2021-01-30T18:58:22 IST" time="0.443" errors="0">
  <testcase name="readExcel" time="0.443" classname="utils.ReadExcelData"/>
  <system-out/>
</testsuite> <!-- utils.ReadExcelData -->
