<?xml version="1.0" encoding="UTF-8"?>
<!-- Generated by org.testng.reporters.JUnitReportReporter -->
<testsuite skipped="0" hostname="DESKTOP-M3E2BR1" name="testcases.CreateLead" tests="2" failures="0" timestamp="2021-02-02T05:39:41 IST" time="25.766" errors="0">
  <testcase name="runCreateLead" time="12.855" classname="testcases.CreateLead"/>
  <system-out/>
  <testcase name="runCreateLead" time="12.911" classname="testcases.CreateLead"/>
  <system-out/>
</testsuite> <!-- testcases.CreateLead -->
